[2026-05-08 20:16:39] ============================================================
[2026-05-08 20:16:39] 🚀 Fashion Wiki 内容智造引擎启动
[2026-05-08 20:16:39] 📂 输入: /Users/zgeo01/.openclaw/workspace/content/fashion-wiki/.ingestion/raw
[2026-05-08 20:16:39] 📂 输出: /Users/zgeo01/.openclaw/workspace/content/fashion-wiki/content
[2026-05-08 20:16:39] 📊 最低评分: 70
[2026-05-08 20:16:39] 📊 最大生成: 5
[2026-05-08 20:16:39] ============================================================
[2026-05-08 20:16:39] 📥 发现 113 个原始文件
[2026-05-08 20:16:39] ⏭️ 跳过内容过短: brandpress_太平鸟_20260508_165354.json
[2026-05-08 20:16:39] ⏭️ 跳过内容过短: brandpress_太平鸟_20260508_201632.json
[2026-05-08 20:16:39] ⏭️ 跳过内容过短: event_british_fashion_council_20260508_165357.json
[2026-05-08 20:16:39] ⏭️ 跳过内容过短: event_british_fashion_council_20260508_201636.json
[2026-05-08 20:16:39] ⏭️ 跳过内容过短: event_cfda_20260508_165356.json
[2026-05-08 20:16:39] ⏭️ 跳过内容过短: event_cfda_20260508_201634.json
[2026-05-08 20:16:39] ⏭️ 跳过内容过短: event_federation_20260508_165402.json
[2026-05-08 20:16:39] ⏭️ 跳过内容过短: event_federation_20260508_201639.json
[2026-05-08 20:16:39] ⏭️ 跳过内容过短: perplexity_brand_f962c1d3_20260508_201527.json
[2026-05-08 20:16:39] ⏭️ 跳过内容过短: perplexity_fabric_1cf01127_20260508_201550.json
[2026-05-08 20:16:39] ============================================================
[2026-05-08 20:16:39] 🎉 完成! 生成 0 篇文章
[2026-05-08 20:16:39] ============================================================
